[0.930s] Invoking command in '/home/nicolas/valve_ws/src/valve_pkg': PYTHONPATH=/home/nicolas/valve_ws/build/valve_pkg/prefix_override:/usr/lib/python3/dist-packages/colcon_core/task/python/colcon_distutils_commands:/home/nicolas/valve_ws/install/valve_pkg/lib/python3.10/site-packages:${PYTHONPATH} /usr/bin/python3 -W ignore:setup.py install is deprecated -W ignore:easy_install command is deprecated setup.py egg_info --egg-base ../../build/valve_pkg build --build-base /home/nicolas/valve_ws/build/valve_pkg/build install --record /home/nicolas/valve_ws/build/valve_pkg/install.log --single-version-externally-managed install_data
[1.126s] running egg_info
[1.138s] writing ../../build/valve_pkg/valve_pkg.egg-info/PKG-INFO
[1.142s] writing dependency_links to ../../build/valve_pkg/valve_pkg.egg-info/dependency_links.txt
[1.142s] writing entry points to ../../build/valve_pkg/valve_pkg.egg-info/entry_points.txt
[1.143s] writing requirements to ../../build/valve_pkg/valve_pkg.egg-info/requires.txt
[1.143s] writing top-level names to ../../build/valve_pkg/valve_pkg.egg-info/top_level.txt
[1.165s] reading manifest file '../../build/valve_pkg/valve_pkg.egg-info/SOURCES.txt'
[1.168s] writing manifest file '../../build/valve_pkg/valve_pkg.egg-info/SOURCES.txt'
[1.168s] running build
[1.168s] running build_py
[1.168s] copying valve_pkg/__init__.py -> /home/nicolas/valve_ws/build/valve_pkg/build/lib/valve_pkg
[1.168s] copying valve_pkg/valve_controller.py -> /home/nicolas/valve_ws/build/valve_pkg/build/lib/valve_pkg
[1.168s] copying valve_pkg/valve_node.py -> /home/nicolas/valve_ws/build/valve_pkg/build/lib/valve_pkg
[1.169s] running install
[1.172s] running install_lib
[1.184s] copying /home/nicolas/valve_ws/build/valve_pkg/build/lib/valve_pkg/valve_controller.py -> /home/nicolas/valve_ws/install/valve_pkg/lib/python3.10/site-packages/valve_pkg
[1.184s] copying /home/nicolas/valve_ws/build/valve_pkg/build/lib/valve_pkg/valve_node.py -> /home/nicolas/valve_ws/install/valve_pkg/lib/python3.10/site-packages/valve_pkg
[1.185s] byte-compiling /home/nicolas/valve_ws/install/valve_pkg/lib/python3.10/site-packages/valve_pkg/valve_controller.py to valve_controller.cpython-310.pyc
[1.186s] byte-compiling /home/nicolas/valve_ws/install/valve_pkg/lib/python3.10/site-packages/valve_pkg/valve_node.py to valve_node.cpython-310.pyc
[1.186s] running install_data
[1.186s] running install_egg_info
[1.198s] removing '/home/nicolas/valve_ws/install/valve_pkg/lib/python3.10/site-packages/valve_pkg-0.0.1-py3.10.egg-info' (and everything under it)
[1.198s] Copying ../../build/valve_pkg/valve_pkg.egg-info to /home/nicolas/valve_ws/install/valve_pkg/lib/python3.10/site-packages/valve_pkg-0.0.1-py3.10.egg-info
[1.200s] running install_scripts
[1.294s] Installing valve_controller script to /home/nicolas/valve_ws/install/valve_pkg/lib/valve_pkg
[1.295s] Installing valve_node script to /home/nicolas/valve_ws/install/valve_pkg/lib/valve_pkg
[1.295s] writing list of installed files to '/home/nicolas/valve_ws/build/valve_pkg/install.log'
[1.314s] Invoked command in '/home/nicolas/valve_ws/src/valve_pkg' returned '0': PYTHONPATH=/home/nicolas/valve_ws/build/valve_pkg/prefix_override:/usr/lib/python3/dist-packages/colcon_core/task/python/colcon_distutils_commands:/home/nicolas/valve_ws/install/valve_pkg/lib/python3.10/site-packages:${PYTHONPATH} /usr/bin/python3 -W ignore:setup.py install is deprecated -W ignore:easy_install command is deprecated setup.py egg_info --egg-base ../../build/valve_pkg build --build-base /home/nicolas/valve_ws/build/valve_pkg/build install --record /home/nicolas/valve_ws/build/valve_pkg/install.log --single-version-externally-managed install_data
